{"uuid":"c0fc0204-4516-45cb-8f35-13b42f80b59e","historyId":"b50c64897ce0160de8faeca9cae862ce","fullName":"Bai35_Handle_Uploadfile.UploadFile.testUploadFileWithRobotClass","labels":[{"name":"package","value":"Bai35_Handle_Uploadfile.UploadFile"},{"name":"testClass","value":"Bai35_Handle_Uploadfile.UploadFile"},{"name":"testMethod","value":"testUploadFileWithRobotClass"},{"name":"parentSuite","value":"Suite Customer Test"},{"name":"suite","value":"Customer test withh Chrome"},{"name":"subSuite","value":"Bai35_Handle_Uploadfile.UploadFile"},{"name":"host","value":"LAPTOP-C2EQQJ54"},{"name":"thread","value":"21996@LAPTOP-C2EQQJ54.main(1)"},{"name":"framework","value":"testng"},{"name":"language","value":"java"}],"links":[],"name":"testUploadFileWithRobotClass","status":"failed","statusDetails":{"known":false,"muted":false,"flaky":false,"message":"Timeout waiting for the element ready to click. By.xpath: //div[@id='file_select_button']//input[@id='file_upload']","trace":"java.lang.AssertionError: Timeout waiting for the element ready to click. By.xpath: //div[@id='file_select_button']//input[@id='file_upload']\r\n\tat org.testng.Assert.fail(Assert.java:111)\r\n\tat Keyword.WebUI.waitForElementClickable(WebUI.java:81)\r\n\tat Keyword.WebUI.clickElement(WebUI.java:211)\r\n\tat Keyword.WebUI.uploadFileWithRobotClass(WebUI.java:482)\r\n\tat Bai35_Handle_Uploadfile.UploadFile.testUploadFileWithRobotClass(UploadFile.java:37)\r\n\tat java.base/jdk.internal.reflect.DirectMethodHandleAccessor.invoke(DirectMethodHandleAccessor.java:104)\r\n\tat java.base/java.lang.reflect.Method.invoke(Method.java:578)\r\n\tat org.testng.internal.invokers.MethodInvocationHelper.invokeMethod(MethodInvocationHelper.java:141)\r\n\tat org.testng.internal.invokers.TestInvoker.invokeMethod(TestInvoker.java:686)\r\n\tat org.testng.internal.invokers.TestInvoker.invokeTestMethod(TestInvoker.java:230)\r\n\tat org.testng.internal.invokers.MethodRunner.runInSequence(MethodRunner.java:63)\r\n\tat org.testng.internal.invokers.TestInvoker$MethodInvocationAgent.invoke(TestInvoker.java:992)\r\n\tat org.testng.internal.invokers.TestInvoker.invokeTestMethods(TestInvoker.java:203)\r\n\tat org.testng.internal.invokers.TestMethodWorker.invokeTestMethods(TestMethodWorker.java:154)\r\n\tat org.testng.internal.invokers.TestMethodWorker.run(TestMethodWorker.java:134)\r\n\tat java.base/java.util.ArrayList.forEach(ArrayList.java:1511)\r\n\tat org.testng.TestRunner.privateRun(TestRunner.java:739)\r\n\tat org.testng.TestRunner.run(TestRunner.java:614)\r\n\tat org.testng.SuiteRunner.runTest(SuiteRunner.java:421)\r\n\tat org.testng.SuiteRunner.runSequentially(SuiteRunner.java:413)\r\n\tat org.testng.SuiteRunner.privateRun(SuiteRunner.java:373)\r\n\tat org.testng.SuiteRunner.run(SuiteRunner.java:312)\r\n\tat org.testng.SuiteRunnerWorker.runSuite(SuiteRunnerWorker.java:52)\r\n\tat org.testng.SuiteRunnerWorker.run(SuiteRunnerWorker.java:95)\r\n\tat org.testng.TestNG.runSuitesSequentially(TestNG.java:1274)\r\n\tat org.testng.TestNG.runSuitesLocally(TestNG.java:1208)\r\n\tat org.testng.TestNG.runSuites(TestNG.java:1112)\r\n\tat org.testng.TestNG.run(TestNG.java:1079)\r\n\tat org.apache.maven.surefire.testng.TestNGExecutor.run(TestNGExecutor.java:308)\r\n\tat org.apache.maven.surefire.testng.TestNGXmlTestSuite.execute(TestNGXmlTestSuite.java:71)\r\n\tat org.apache.maven.surefire.testng.TestNGProvider.invoke(TestNGProvider.java:113)\r\n\tat org.apache.maven.surefire.booter.ForkedBooter.runSuitesInProcess(ForkedBooter.java:385)\r\n\tat org.apache.maven.surefire.booter.ForkedBooter.execute(ForkedBooter.java:162)\r\n\tat org.apache.maven.surefire.booter.ForkedBooter.run(ForkedBooter.java:507)\r\n\tat org.apache.maven.surefire.booter.ForkedBooter.main(ForkedBooter.java:495)\r\n"},"stage":"finished","steps":[{"name":"Open URL: https://files.fm/","status":"passed","stage":"finished","steps":[],"attachments":[],"parameters":[{"name":"url","value":"https://files.fm/"}],"start":1748565610948,"stop":1748565617580},{"name":"Click on element By.xpath: //div[@id='file_select_button']//input[@id='file_upload']","status":"failed","statusDetails":{"known":false,"muted":false,"flaky":false,"message":"Timeout waiting for the element ready to click. By.xpath: //div[@id='file_select_button']//input[@id='file_upload']","trace":"java.lang.AssertionError: Timeout waiting for the element ready to click. By.xpath: //div[@id='file_select_button']//input[@id='file_upload']\r\n\tat org.testng.Assert.fail(Assert.java:111)\r\n\tat Keyword.WebUI.waitForElementClickable(WebUI.java:81)\r\n\tat Keyword.WebUI.clickElement(WebUI.java:211)\r\n\tat Keyword.WebUI.uploadFileWithRobotClass(WebUI.java:482)\r\n\tat Bai35_Handle_Uploadfile.UploadFile.testUploadFileWithRobotClass(UploadFile.java:37)\r\n\tat java.base/jdk.internal.reflect.DirectMethodHandleAccessor.invoke(DirectMethodHandleAccessor.java:104)\r\n\tat java.base/java.lang.reflect.Method.invoke(Method.java:578)\r\n\tat org.testng.internal.invokers.MethodInvocationHelper.invokeMethod(MethodInvocationHelper.java:141)\r\n\tat org.testng.internal.invokers.TestInvoker.invokeMethod(TestInvoker.java:686)\r\n\tat org.testng.internal.invokers.TestInvoker.invokeTestMethod(TestInvoker.java:230)\r\n\tat org.testng.internal.invokers.MethodRunner.runInSequence(MethodRunner.java:63)\r\n\tat org.testng.internal.invokers.TestInvoker$MethodInvocationAgent.invoke(TestInvoker.java:992)\r\n\tat org.testng.internal.invokers.TestInvoker.invokeTestMethods(TestInvoker.java:203)\r\n\tat org.testng.internal.invokers.TestMethodWorker.invokeTestMethods(TestMethodWorker.java:154)\r\n\tat org.testng.internal.invokers.TestMethodWorker.run(TestMethodWorker.java:134)\r\n\tat java.base/java.util.ArrayList.forEach(ArrayList.java:1511)\r\n\tat org.testng.TestRunner.privateRun(TestRunner.java:739)\r\n\tat org.testng.TestRunner.run(TestRunner.java:614)\r\n\tat org.testng.SuiteRunner.runTest(SuiteRunner.java:421)\r\n\tat org.testng.SuiteRunner.runSequentially(SuiteRunner.java:413)\r\n\tat org.testng.SuiteRunner.privateRun(SuiteRunner.java:373)\r\n\tat org.testng.SuiteRunner.run(SuiteRunner.java:312)\r\n\tat org.testng.SuiteRunnerWorker.runSuite(SuiteRunnerWorker.java:52)\r\n\tat org.testng.SuiteRunnerWorker.run(SuiteRunnerWorker.java:95)\r\n\tat org.testng.TestNG.runSuitesSequentially(TestNG.java:1274)\r\n\tat org.testng.TestNG.runSuitesLocally(TestNG.java:1208)\r\n\tat org.testng.TestNG.runSuites(TestNG.java:1112)\r\n\tat org.testng.TestNG.run(TestNG.java:1079)\r\n\tat org.apache.maven.surefire.testng.TestNGExecutor.run(TestNGExecutor.java:308)\r\n\tat org.apache.maven.surefire.testng.TestNGXmlTestSuite.execute(TestNGXmlTestSuite.java:71)\r\n\tat org.apache.maven.surefire.testng.TestNGProvider.invoke(TestNGProvider.java:113)\r\n\tat org.apache.maven.surefire.booter.ForkedBooter.runSuitesInProcess(ForkedBooter.java:385)\r\n\tat org.apache.maven.surefire.booter.ForkedBooter.execute(ForkedBooter.java:162)\r\n\tat org.apache.maven.surefire.booter.ForkedBooter.run(ForkedBooter.java:507)\r\n\tat org.apache.maven.surefire.booter.ForkedBooter.main(ForkedBooter.java:495)\r\n"},"stage":"finished","steps":[],"attachments":[],"parameters":[{"name":"by","value":"By.xpath: //div[@id='file_select_button']//input[@id='file_upload']"}],"start":1748565619614,"stop":1748565630113}],"attachments":[],"parameters":[{"name":"browser","value":"chrome"}],"start":1748565610770,"stop":1748565630130}