<?xml version="1.0" encoding="UTF-8"?>
<testng-results ignored="0" total="2" passed="1" failed="1" skipped="0">
  <reporter-output>
  </reporter-output>
  <suite started-at="2025-05-30T07:40:05 ICT" name="Suite Customer Test" finished-at="2025-05-30T07:40:48 ICT" duration-ms="42688">
    <groups>
    </groups>
    <test started-at="2025-05-30T07:40:05 ICT" name="Customer test withh Chrome" finished-at="2025-05-30T07:40:48 ICT" duration-ms="42688">
      <class name="Bai35_Handle_Uploadfile.UploadFile">
        <test-method is-config="true" signature="setupEnviroment()[pri:0, instance:Bai35_Handle_Uploadfile.UploadFile@57c88764]" started-at="2025-05-30T07:40:05 ICT" name="setupEnviroment" finished-at="2025-05-30T07:40:05 ICT" duration-ms="29" status="PASS">
          <reporter-output>
          </reporter-output>
        </test-method> <!-- setupEnviroment -->
        <test-method is-config="true" signature="createDriver(java.lang.String)[pri:0, instance:Bai35_Handle_Uploadfile.UploadFile@57c88764]" started-at="2025-05-30T07:40:06 ICT" name="createDriver" finished-at="2025-05-30T07:40:09 ICT" duration-ms="3099" status="PASS">
          <params>
            <param index="0">
              <value>
                <![CDATA[chrome]]>
              </value>
            </param>
          </params>
          <reporter-output>
          </reporter-output>
        </test-method> <!-- createDriver -->
        <test-method signature="testUploadFileWithRobotClass()[pri:0, instance:Bai35_Handle_Uploadfile.UploadFile@57c88764]" started-at="2025-05-30T07:40:09 ICT" name="testUploadFileWithRobotClass" finished-at="2025-05-30T07:40:30 ICT" duration-ms="20301" status="FAIL">
          <exception class="java.lang.AssertionError">
            <message>
              <![CDATA[Timeout waiting for the element ready to click. By.xpath: //div[@id='file_select_button']//input[@id='file_upload']]]>
            </message>
            <full-stacktrace>
              <![CDATA[java.lang.AssertionError: Timeout waiting for the element ready to click. By.xpath: //div[@id='file_select_button']//input[@id='file_upload']
at org.testng.Assert.fail(Assert.java:111)
at Keyword.WebUI.waitForElementClickable(WebUI.java:81)
at Keyword.WebUI.clickElement(WebUI.java:211)
at Keyword.WebUI.uploadFileWithRobotClass(WebUI.java:482)
at Bai35_Handle_Uploadfile.UploadFile.testUploadFileWithRobotClass(UploadFile.java:37)
at java.base/jdk.internal.reflect.DirectMethodHandleAccessor.invoke(DirectMethodHandleAccessor.java:104)
at java.base/java.lang.reflect.Method.invoke(Method.java:578)
at org.testng.internal.invokers.MethodInvocationHelper.invokeMethod(MethodInvocationHelper.java:141)
at org.testng.internal.invokers.TestInvoker.invokeMethod(TestInvoker.java:686)
at org.testng.internal.invokers.TestInvoker.invokeTestMethod(TestInvoker.java:230)
at org.testng.internal.invokers.MethodRunner.runInSequence(MethodRunner.java:63)
at org.testng.internal.invokers.TestInvoker$MethodInvocationAgent.invoke(TestInvoker.java:992)
at org.testng.internal.invokers.TestInvoker.invokeTestMethods(TestInvoker.java:203)
at org.testng.internal.invokers.TestMethodWorker.invokeTestMethods(TestMethodWorker.java:154)
at org.testng.internal.invokers.TestMethodWorker.run(TestMethodWorker.java:134)
at java.base/java.util.ArrayList.forEach(ArrayList.java:1511)
at org.testng.TestRunner.privateRun(TestRunner.java:739)
at org.testng.TestRunner.run(TestRunner.java:614)
at org.testng.SuiteRunner.runTest(SuiteRunner.java:421)
at org.testng.SuiteRunner.runSequentially(SuiteRunner.java:413)
at org.testng.SuiteRunner.privateRun(SuiteRunner.java:373)
at org.testng.SuiteRunner.run(SuiteRunner.java:312)
at org.testng.SuiteRunnerWorker.runSuite(SuiteRunnerWorker.java:52)
at org.testng.SuiteRunnerWorker.run(SuiteRunnerWorker.java:95)
at org.testng.TestNG.runSuitesSequentially(TestNG.java:1274)
at org.testng.TestNG.runSuitesLocally(TestNG.java:1208)
at org.testng.TestNG.runSuites(TestNG.java:1112)
at org.testng.TestNG.run(TestNG.java:1079)
at org.apache.maven.surefire.testng.TestNGExecutor.run(TestNGExecutor.java:308)
at org.apache.maven.surefire.testng.TestNGXmlTestSuite.execute(TestNGXmlTestSuite.java:71)
at org.apache.maven.surefire.testng.TestNGProvider.invoke(TestNGProvider.java:113)
at org.apache.maven.surefire.booter.ForkedBooter.runSuitesInProcess(ForkedBooter.java:385)
at org.apache.maven.surefire.booter.ForkedBooter.execute(ForkedBooter.java:162)
at org.apache.maven.surefire.booter.ForkedBooter.run(ForkedBooter.java:507)
at org.apache.maven.surefire.booter.ForkedBooter.main(ForkedBooter.java:495)
]]>
            </full-stacktrace>
          </exception> <!-- java.lang.AssertionError -->
          <reporter-output>
          </reporter-output>
        </test-method> <!-- testUploadFileWithRobotClass -->
        <test-method is-config="true" signature="closeDriver()[pri:0, instance:Bai35_Handle_Uploadfile.UploadFile@57c88764]" started-at="2025-05-30T07:40:32 ICT" name="closeDriver" finished-at="2025-05-30T07:40:34 ICT" duration-ms="1324" status="PASS">
          <reporter-output>
          </reporter-output>
        </test-method> <!-- closeDriver -->
        <test-method is-config="true" signature="createDriver(java.lang.String)[pri:0, instance:Bai35_Handle_Uploadfile.UploadFile@57c88764]" started-at="2025-05-30T07:40:34 ICT" name="createDriver" finished-at="2025-05-30T07:40:36 ICT" duration-ms="2465" status="PASS">
          <params>
            <param index="0">
              <value>
                <![CDATA[chrome]]>
              </value>
            </param>
          </params>
          <reporter-output>
          </reporter-output>
        </test-method> <!-- createDriver -->
        <test-method signature="testUploadFileWithSendKeys()[pri:0, instance:Bai35_Handle_Uploadfile.UploadFile@57c88764]" started-at="2025-05-30T07:40:36 ICT" name="testUploadFileWithSendKeys" finished-at="2025-05-30T07:40:45 ICT" duration-ms="8447" status="PASS">
          <reporter-output>
          </reporter-output>
        </test-method> <!-- testUploadFileWithSendKeys -->
        <test-method is-config="true" signature="closeDriver()[pri:0, instance:Bai35_Handle_Uploadfile.UploadFile@57c88764]" started-at="2025-05-30T07:40:47 ICT" name="closeDriver" finished-at="2025-05-30T07:40:48 ICT" duration-ms="1291" status="PASS">
          <reporter-output>
          </reporter-output>
        </test-method> <!-- closeDriver -->
      </class> <!-- Bai35_Handle_Uploadfile.UploadFile -->
    </test> <!-- Customer test withh Chrome -->
  </suite> <!-- Suite Customer Test -->
</testng-results>
