<?xml version="1.0" encoding="UTF-8"?>
<!-- Generated by org.testng.reporters.JUnitReportReporter -->
<testsuite hostname="LAPTOP-C2EQQJ54" failures="1" tests="2" name="Bai35_Handle_Uploadfile.UploadFile" time="36.927" errors="0" timestamp="2025-05-30T07:40:49 ICT" skipped="0">
  <testcase classname="Bai35_Handle_Uploadfile.UploadFile" name="testUploadFileWithSendKeys" time="12.837"/>
  <testcase classname="Bai35_Handle_Uploadfile.UploadFile" name="testUploadFileWithRobotClass" time="24.090">
    <failure message="Timeout waiting for the element ready to click. By.xpath: //div[@id=&#039;file_select_button&#039;]//input[@id=&#039;file_upload&#039;]" type="java.lang.AssertionError">
      <![CDATA[java.lang.AssertionError: Timeout waiting for the element ready to click. By.xpath: //div[@id='file_select_button']//input[@id='file_upload']
at org.testng.Assert.fail(Assert.java:111)
at Keyword.WebUI.waitForElementClickable(WebUI.java:81)
at Keyword.WebUI.clickElement(WebUI.java:211)
at Keyword.WebUI.uploadFileWithRobotClass(WebUI.java:482)
at Bai35_Handle_Uploadfile.UploadFile.testUploadFileWithRobotClass(UploadFile.java:37)
at java.base/jdk.internal.reflect.DirectMethodHandleAccessor.invoke(DirectMethodHandleAccessor.java:104)
at java.base/java.lang.reflect.Method.invoke(Method.java:578)
at org.testng.internal.invokers.MethodInvocationHelper.invokeMethod(MethodInvocationHelper.java:141)
at org.testng.internal.invokers.TestInvoker.invokeMethod(TestInvoker.java:686)
at org.testng.internal.invokers.TestInvoker.invokeTestMethod(TestInvoker.java:230)
at org.testng.internal.invokers.MethodRunner.runInSequence(MethodRunner.java:63)
at org.testng.internal.invokers.TestInvoker$MethodInvocationAgent.invoke(TestInvoker.java:992)
at org.testng.internal.invokers.TestInvoker.invokeTestMethods(TestInvoker.java:203)
at org.testng.internal.invokers.TestMethodWorker.invokeTestMethods(TestMethodWorker.java:154)
at org.testng.internal.invokers.TestMethodWorker.run(TestMethodWorker.java:134)
at java.base/java.util.ArrayList.forEach(ArrayList.java:1511)
at org.testng.TestRunner.privateRun(TestRunner.java:739)
at org.testng.TestRunner.run(TestRunner.java:614)
at org.testng.SuiteRunner.runTest(SuiteRunner.java:421)
at org.testng.SuiteRunner.runSequentially(SuiteRunner.java:413)
at org.testng.SuiteRunner.privateRun(SuiteRunner.java:373)
at org.testng.SuiteRunner.run(SuiteRunner.java:312)
at org.testng.SuiteRunnerWorker.runSuite(SuiteRunnerWorker.java:52)
at org.testng.SuiteRunnerWorker.run(SuiteRunnerWorker.java:95)
at org.testng.TestNG.runSuitesSequentially(TestNG.java:1274)
at org.testng.TestNG.runSuitesLocally(TestNG.java:1208)
at org.testng.TestNG.runSuites(TestNG.java:1112)
at org.testng.TestNG.run(TestNG.java:1079)
at org.apache.maven.surefire.testng.TestNGExecutor.run(TestNGExecutor.java:308)
at org.apache.maven.surefire.testng.TestNGXmlTestSuite.execute(TestNGXmlTestSuite.java:71)
at org.apache.maven.surefire.testng.TestNGProvider.invoke(TestNGProvider.java:113)
at org.apache.maven.surefire.booter.ForkedBooter.runSuitesInProcess(ForkedBooter.java:385)
at org.apache.maven.surefire.booter.ForkedBooter.execute(ForkedBooter.java:162)
at org.apache.maven.surefire.booter.ForkedBooter.run(ForkedBooter.java:507)
at org.apache.maven.surefire.booter.ForkedBooter.main(ForkedBooter.java:495)
]]>
    </failure>
  </testcase> <!-- testUploadFileWithRobotClass -->
</testsuite> <!-- Bai35_Handle_Uploadfile.UploadFile -->
